<?xml version="1.0" encoding="UTF-8"?>
<!-- Generated by org.testng.reporters.JUnitReportReporter -->
<testsuite skipped="0" hostname="ip-172-31-3-201" name="restassured.OAuth2Class" tests="2" failures="0" timestamp="2020-10-03T15:10:04 UTC" time="0.759" errors="0">
  <testcase name="oAuth2Method" time="0.291" classname="restassured.OAuth2Class"/>
  <system-out/>
  <testcase name="testSsl" time="0.468" classname="restassured.OAuth2Class"/>
  <system-out/>
</testsuite> <!-- restassured.OAuth2Class -->
