<?xml version="1.0" encoding="UTF-8"?>
<!-- Generated by org.testng.reporters.JUnitReportReporter -->
<testsuite skipped="0" hostname="ip-172-31-3-201" name="restassured.FirstRestAssuredClass" tests="1" failures="0" timestamp="2020-09-26T17:41:10 UTC" time="2.472" errors="0">
  <testcase name="secondMethod" time="2.472" classname="restassured.FirstRestAssuredClass"/>
  <system-out/>
</testsuite> <!-- restassured.FirstRestAssuredClass -->
