<?xml version="1.0" encoding="UTF-8"?>
<!-- Generated by org.testng.reporters.JUnitReportReporter -->
<testsuite skipped="0" hostname="ip-172-31-3-201" name="restassured.GenerteTokenClass" tests="1" failures="0" timestamp="2020-09-27T17:33:08 UTC" time="2.125" errors="0">
  <testcase name="generateTokenmethod" time="2.125" classname="restassured.GenerteTokenClass"/>
  <system-out/>
</testsuite> <!-- restassured.GenerteTokenClass -->
