<?xml version="1.0" encoding="UTF-8"?>
<!-- Generated by org.testng.reporters.JUnitReportReporter -->
<testsuite skipped="0" hostname="ip-172-31-3-201" name="restassured.BasicAuthentication" tests="1" failures="0" timestamp="2020-09-27T15:32:17 UTC" time="2.640" errors="0">
  <testcase name="basicAuthenticatinMethod" time="2.640" classname="restassured.BasicAuthentication"/>
  <system-out/>
</testsuite> <!-- restassured.BasicAuthentication -->
